-------------------------------------------
Batch: 0
-------------------------------------------
+--------------------+-----+--------------------+---------+
|            customer|score|               email|birthYear|
+--------------------+-----+--------------------+---------+
|Suresh.Mitra@test...| 32.5|Suresh.Mitra@test...|     1947|
|Suresh.Mitra@test...|  4.5|Suresh.Mitra@test...|     1947|
|Suresh.Mitra@test...| 11.0|Suresh.Mitra@test...|     1947|
| David.Huey@test.com| 13.0| David.Huey@test.com|     1948|
| David.Huey@test.com| -8.5| David.Huey@test.com|     1948|
| David.Huey@test.com| 11.5| David.Huey@test.com|     1948|
|Sarah.Jefferson@t...| -3.0|Sarah.Jefferson@t...|     1959|
|Sarah.Jefferson@t...| -1.5|Sarah.Jefferson@t...|     1959|
|Sarah.Jefferson@t...| -1.5|Sarah.Jefferson@t...|     1959|
|Sarah.Jefferson@t...| -2.0|Sarah.Jefferson@t...|     1959|
|Sarah.Jefferson@t...| -1.5|Sarah.Jefferson@t...|     1959|
|Sarah.Jefferson@t...| -1.5|Sarah.Jefferson@t...|     1959|
|Sarah.Jefferson@t...| -2.0|Sarah.Jefferson@t...|     1959|
|Sarah.Jefferson@t...| -2.5|Sarah.Jefferson@t...|     1959|
|Sarah.Jefferson@t...| -2.5|Sarah.Jefferson@t...|     1959|
|Sarah.Jefferson@t...| -2.5|Sarah.Jefferson@t...|     1959|
|Sarah.Jefferson@t...| -4.5|Sarah.Jefferson@t...|     1959|
|Sarah.Jefferson@t...| -4.5|Sarah.Jefferson@t...|     1959|
|Sarah.Jefferson@t...| -1.5|Sarah.Jefferson@t...|     1959|
|Sarah.Jefferson@t...| -1.0|Sarah.Jefferson@t...|     1959|
+--------------------+-----+--------------------+---------+
only showing top 20 rows

