Spark Command: /usr/lib/jvm/java-8-openjdk-amd64/jre/bin/java -cp /opt/spark-2.3.4-bin-hadoop2.7/conf/:/opt/spark-2.3.4-bin-hadoop2.7/jars/* -Xmx1g org.apache.spark.deploy.master.Master --host f8ed759c22f9f8dd9f2e11fb8e6d5e05e87fac83-64474ccf66-9nqfn --port 7077 --webui-port 8080
========================================
2024-08-22 01:44:47 INFO  Master:2612 - Started daemon with process name: 44@f8ed759c22f9f8dd9f2e11fb8e6d5e05e87fac83-64474ccf66-9nqfn
2024-08-22 01:44:47 INFO  SignalUtils:54 - Registered signal handler for TERM
2024-08-22 01:44:47 INFO  SignalUtils:54 - Registered signal handler for HUP
2024-08-22 01:44:47 INFO  SignalUtils:54 - Registered signal handler for INT
2024-08-22 01:44:47 WARN  NativeCodeLoader:62 - Unable to load native-hadoop library for your platform... using builtin-java classes where applicable
2024-08-22 01:44:48 INFO  SecurityManager:54 - Changing view acls to: root
2024-08-22 01:44:48 INFO  SecurityManager:54 - Changing modify acls to: root
2024-08-22 01:44:48 INFO  SecurityManager:54 - Changing view acls groups to: 
2024-08-22 01:44:48 INFO  SecurityManager:54 - Changing modify acls groups to: 
2024-08-22 01:44:48 INFO  SecurityManager:54 - SecurityManager: authentication disabled; ui acls disabled; users  with view permissions: Set(root); groups with view permissions: Set(); users  with modify permissions: Set(root); groups with modify permissions: Set()
2024-08-22 01:44:48 INFO  Utils:54 - Successfully started service 'sparkMaster' on port 7077.
2024-08-22 01:44:48 INFO  Master:54 - Starting Spark master at spark://f8ed759c22f9f8dd9f2e11fb8e6d5e05e87fac83-64474ccf66-9nqfn:7077
2024-08-22 01:44:48 INFO  Master:54 - Running Spark version 2.3.4
2024-08-22 01:44:48 INFO  log:192 - Logging initialized @2809ms
2024-08-22 01:44:49 INFO  Server:351 - jetty-9.3.z-SNAPSHOT, build timestamp: unknown, git hash: unknown
2024-08-22 01:44:49 INFO  Server:419 - Started @2897ms
2024-08-22 01:44:49 INFO  AbstractConnector:278 - Started ServerConnector@13c030fa{HTTP/1.1,[http/1.1]}{0.0.0.0:8080}
2024-08-22 01:44:49 INFO  Utils:54 - Successfully started service 'MasterUI' on port 8080.
2024-08-22 01:44:49 INFO  ContextHandler:781 - Started o.s.j.s.ServletContextHandler@610cc021{/app,null,AVAILABLE,@Spark}
2024-08-22 01:44:49 INFO  ContextHandler:781 - Started o.s.j.s.ServletContextHandler@504b695{/app/json,null,AVAILABLE,@Spark}
2024-08-22 01:44:49 INFO  ContextHandler:781 - Started o.s.j.s.ServletContextHandler@6c477be2{/,null,AVAILABLE,@Spark}
2024-08-22 01:44:49 INFO  ContextHandler:781 - Started o.s.j.s.ServletContextHandler@5fe9426e{/json,null,AVAILABLE,@Spark}
2024-08-22 01:44:49 INFO  ContextHandler:781 - Started o.s.j.s.ServletContextHandler@7f79f718{/static,null,AVAILABLE,@Spark}
2024-08-22 01:44:49 INFO  ContextHandler:781 - Started o.s.j.s.ServletContextHandler@62a9b3d6{/app/kill,null,AVAILABLE,@Spark}
2024-08-22 01:44:49 INFO  ContextHandler:781 - Started o.s.j.s.ServletContextHandler@6cc9b928{/driver/kill,null,AVAILABLE,@Spark}
2024-08-22 01:44:49 INFO  MasterWebUI:54 - Bound MasterWebUI to 0.0.0.0, and started at http://f8ed759c22f9f8dd9f2e11fb8e6d5e05e87fac83-64474ccf66-9nqfn:8080
2024-08-22 01:44:49 INFO  Server:351 - jetty-9.3.z-SNAPSHOT, build timestamp: unknown, git hash: unknown
2024-08-22 01:44:49 INFO  ContextHandler:781 - Started o.s.j.s.ServletContextHandler@48e49685{/,null,AVAILABLE}
2024-08-22 01:44:49 INFO  AbstractConnector:278 - Started ServerConnector@5ed5897c{HTTP/1.1,[http/1.1]}{f8ed759c22f9f8dd9f2e11fb8e6d5e05e87fac83-64474ccf66-9nqfn:6066}
2024-08-22 01:44:49 INFO  Server:419 - Started @3269ms
2024-08-22 01:44:49 INFO  Utils:54 - Successfully started service on port 6066.
2024-08-22 01:44:49 INFO  StandaloneRestServer:54 - Started REST server for submitting applications on port 6066
2024-08-22 01:44:49 INFO  ContextHandler:781 - Started o.s.j.s.ServletContextHandler@2d0523bd{/metrics/master/json,null,AVAILABLE,@Spark}
2024-08-22 01:44:49 INFO  ContextHandler:781 - Started o.s.j.s.ServletContextHandler@25b31673{/metrics/applications/json,null,AVAILABLE,@Spark}
2024-08-22 01:44:49 INFO  Master:54 - I have been elected leader! New state: ALIVE
2024-08-22 01:46:22 INFO  Master:54 - Registering worker 10.124.12.45:40159 with 16 cores, 124.8 GB RAM