Spark Command: /usr/lib/jvm/java-8-openjdk-amd64/jre/bin/java -cp /opt/spark-2.3.4-bin-hadoop2.7/conf/:/opt/spark-2.3.4-bin-hadoop2.7/jars/* -Xmx1g org.apache.spark.deploy.worker.Worker --webui-port 8081 spark://f8ed759c22f9f8dd9f2e11fb8e6d5e05e87fac83-64474ccf66-9nqfn:7077
========================================
2024-08-22 01:46:19 INFO  Worker:2612 - Started daemon with process name: 164@f8ed759c22f9f8dd9f2e11fb8e6d5e05e87fac83-64474ccf66-9nqfn
2024-08-22 01:46:19 INFO  SignalUtils:54 - Registered signal handler for TERM
2024-08-22 01:46:19 INFO  SignalUtils:54 - Registered signal handler for HUP
2024-08-22 01:46:19 INFO  SignalUtils:54 - Registered signal handler for INT
2024-08-22 01:46:20 WARN  NativeCodeLoader:62 - Unable to load native-hadoop library for your platform... using builtin-java classes where applicable
2024-08-22 01:46:20 INFO  SecurityManager:54 - Changing view acls to: root
2024-08-22 01:46:20 INFO  SecurityManager:54 - Changing modify acls to: root
2024-08-22 01:46:20 INFO  SecurityManager:54 - Changing view acls groups to: 
2024-08-22 01:46:20 INFO  SecurityManager:54 - Changing modify acls groups to: 
2024-08-22 01:46:20 INFO  SecurityManager:54 - SecurityManager: authentication disabled; ui acls disabled; users  with view permissions: Set(root); groups with view permissions: Set(); users  with modify permissions: Set(root); groups with modify permissions: Set()
2024-08-22 01:46:20 INFO  Utils:54 - Successfully started service 'sparkWorker' on port 40159.
2024-08-22 01:46:21 INFO  Worker:54 - Starting Spark worker 10.124.12.45:40159 with 16 cores, 124.8 GB RAM
2024-08-22 01:46:21 INFO  Worker:54 - Running Spark version 2.3.4
2024-08-22 01:46:21 INFO  Worker:54 - Spark home: /opt/spark-2.3.4-bin-hadoop2.7
2024-08-22 01:46:21 INFO  log:192 - Logging initialized @2876ms
2024-08-22 01:46:21 INFO  Server:351 - jetty-9.3.z-SNAPSHOT, build timestamp: unknown, git hash: unknown
2024-08-22 01:46:21 INFO  Server:419 - Started @2965ms
2024-08-22 01:46:21 INFO  AbstractConnector:278 - Started ServerConnector@65fb138f{HTTP/1.1,[http/1.1]}{0.0.0.0:8081}
2024-08-22 01:46:21 INFO  Utils:54 - Successfully started service 'WorkerUI' on port 8081.
2024-08-22 01:46:21 INFO  ContextHandler:781 - Started o.s.j.s.ServletContextHandler@4554678d{/logPage,null,AVAILABLE,@Spark}
2024-08-22 01:46:21 INFO  ContextHandler:781 - Started o.s.j.s.ServletContextHandler@2303504b{/logPage/json,null,AVAILABLE,@Spark}
2024-08-22 01:46:21 INFO  ContextHandler:781 - Started o.s.j.s.ServletContextHandler@76ac918{/,null,AVAILABLE,@Spark}
2024-08-22 01:46:21 INFO  ContextHandler:781 - Started o.s.j.s.ServletContextHandler@caa666c{/json,null,AVAILABLE,@Spark}
2024-08-22 01:46:21 INFO  ContextHandler:781 - Started o.s.j.s.ServletContextHandler@3592feba{/static,null,AVAILABLE,@Spark}
2024-08-22 01:46:21 INFO  ContextHandler:781 - Started o.s.j.s.ServletContextHandler@56193a1f{/log,null,AVAILABLE,@Spark}
2024-08-22 01:46:21 INFO  WorkerWebUI:54 - Bound WorkerWebUI to 0.0.0.0, and started at http://f8ed759c22f9f8dd9f2e11fb8e6d5e05e87fac83-64474ccf66-9nqfn:8081
2024-08-22 01:46:21 INFO  Worker:54 - Connecting to master f8ed759c22f9f8dd9f2e11fb8e6d5e05e87fac83-64474ccf66-9nqfn:7077...
2024-08-22 01:46:21 INFO  ContextHandler:781 - Started o.s.j.s.ServletContextHandler@7b517c06{/metrics/json,null,AVAILABLE,@Spark}
2024-08-22 01:46:21 INFO  TransportClientFactory:267 - Successfully created connection to f8ed759c22f9f8dd9f2e11fb8e6d5e05e87fac83-64474ccf66-9nqfn/10.124.12.45:7077 after 94 ms (0 ms spent in bootstraps)
2024-08-22 01:46:22 INFO  Worker:54 - Successfully registered with master spark://f8ed759c22f9f8dd9f2e11fb8e6d5e05e87fac83-64474ccf66-9nqfn:7077